[debug] [2018-11-26T16:39:27.668Z] ----------------------------------------------------------------------
[debug] [2018-11-26T16:39:27.670Z] Command:       /usr/bin/node /usr/bin/firebase deploy --only functions,hosting
[debug] [2018-11-26T16:39:27.670Z] CLI Version:   5.0.1
[debug] [2018-11-26T16:39:27.670Z] Platform:      linux
[debug] [2018-11-26T16:39:27.670Z] Node Version:  v8.13.0
[debug] [2018-11-26T16:39:27.670Z] Time:          Mon Nov 26 2018 22:09:27 GMT+0530 (IST)
[debug] [2018-11-26T16:39:27.670Z] ----------------------------------------------------------------------
[debug] 
[debug] [2018-11-26T16:39:27.763Z] > command requires scopes: ["email","openid","https://www.googleapis.com/auth/cloudplatformprojects.readonly","https://www.googleapis.com/auth/firebase","https://www.googleapis.com/auth/cloud-platform"]
[debug] [2018-11-26T16:39:27.764Z] > authorizing via signed-in user
[debug] [2018-11-26T16:39:27.766Z] [iam] checking project hnpwa-fcf6b for permissions ["cloudfunctions.functions.create","cloudfunctions.functions.delete","cloudfunctions.functions.get","cloudfunctions.functions.list","cloudfunctions.functions.update","cloudfunctions.operations.get","firebase.projects.get","firebasehosting.sites.update"]
[debug] [2018-11-26T16:39:27.771Z] >>> HTTP REQUEST POST https://cloudresourcemanager.googleapis.com/v1/projects/hnpwa-fcf6b:testIamPermissions  

[debug] [2018-11-26T16:39:29.765Z] <<< HTTP RESPONSE 200
[debug] [2018-11-26T16:39:29.768Z] >>> HTTP REQUEST GET https://admin.firebase.com/v1/projects/hnpwa-fcf6b  
 
[debug] [2018-11-26T16:39:31.159Z] <<< HTTP RESPONSE 200
[info] 
[info] === Deploying to 'hnpwa-fcf6b'...
[info] 
[info] i  deploying functions, hosting
[debug] [2018-11-26T16:39:41.141Z] > [functions] package.json contents: {
  "name": "functions",
  "description": "Cloud Functions for Firebase",
  "scripts": {
    "serve": "firebase serve --only functions",
    "shell": "firebase functions:shell",
    "start": "npm run shell",
    "deploy": "firebase deploy --only functions",
    "logs": "firebase functions:log"
  },
  "dependencies": {
    "express": "^4.16.3",
    "firebase-admin": "~5.12.1",
    "firebase-functions": "^2.1.0",
    "prpl-server": "^1.2.0",
    "rendertron-middleware": "^0.1.2"
  },
  "private": true
}
[info] i  functions: ensuring necessary APIs are enabled...
[debug] [2018-11-26T16:39:41.142Z] >>> HTTP REQUEST GET https://servicemanagement.googleapis.com/v1/services/cloudfunctions.googleapis.com/projectSettings/hnpwa-fcf6b?view=CONSUMER_VIEW  
 
[debug] [2018-11-26T16:39:41.143Z] >>> HTTP REQUEST GET https://servicemanagement.googleapis.com/v1/services/runtimeconfig.googleapis.com/projectSettings/hnpwa-fcf6b?view=CONSUMER_VIEW  
 
[debug] [2018-11-26T16:39:43.612Z] <<< HTTP RESPONSE 200
[info] ✔  functions: all necessary APIs are enabled
[debug] [2018-11-26T16:39:44.088Z] <<< HTTP RESPONSE 200
[debug] [2018-11-26T16:39:44.089Z] >>> HTTP REQUEST GET https://cloudresourcemanager.googleapis.com/v1/projects/hnpwa-fcf6b  
 
[debug] [2018-11-26T16:39:45.719Z] <<< HTTP RESPONSE 200
[debug] [2018-11-26T16:39:45.719Z] >>> HTTP REQUEST GET https://mobilesdk-pa.googleapis.com/v1/projects/1065550303539:getServerAppConfig  
 
[debug] [2018-11-26T16:39:46.235Z] <<< HTTP RESPONSE 200
[debug] [2018-11-26T16:39:46.239Z] >>> HTTP REQUEST POST https://firebasehosting.googleapis.com/v1beta1/sites/hnpwa-fcf6b/versions  

[debug] [2018-11-26T16:39:49.343Z] <<< HTTP RESPONSE 200
[info] i  functions: preparing functions directory for uploading...
[info] i  functions: packaged functions (76.66 KB) for uploading
[debug] [2018-11-26T16:39:51.809Z] >>> HTTP REQUEST POST https://cloudfunctions.googleapis.com/v1/projects/hnpwa-fcf6b/locations/us-central1/functions:generateUploadUrl  
 
[debug] [2018-11-26T16:39:52.636Z] <<< HTTP RESPONSE 200
[debug] [2018-11-26T16:39:52.637Z] >>> HTTP REQUEST PUT https://storage.googleapis.com/gcf-upload-us-central1-38e608cf-b86c-4daf-9226-23ea7d119d2e/c47040ee-2dbb-4bcf-9659-5f6cadcfb790.zip?GoogleAccessId=service-1065550303539@gcf-admin-robot.iam.gserviceaccount.com&Expires=1543252192&Signature=sx2rXBk3BBNiJ%2B4%2F2sobpacDbvLPMphnH%2FJzQQOmfkoJV74kHivtFxbOoBTdqfiV0A%2F2L%2FKz96l20KGHFYJobamwg19f7V2Sz1rL%2FPOya8Gbixm09iqNTfKNX3fcHlaB0CzCkMRh9es0o1bnXy3B2cqny1KQnYVJIZL45FCw8V277k4%2FfSoLhbITriR8wOzhZMN9Gfit3%2BoiJQXn6dXyA1A4s%2BflJUHPqc82e1sWyoVDj15dgFXppUM56sw92uTvYSoxCchQKgN2UCdL0IfBT%2FO58K21UnCSfW2YGMyy3ZGLADbDBI6XcWkre9my2fzGQcE4Ec82G2OLS4czCnAs%2FQ%3D%3D  

[debug] [2018-11-26T16:39:55.521Z] <<< HTTP RESPONSE 200
[info] ✔  functions: functions folder uploaded successfully
[info] i  hosting[hnpwa-fcf6b]: beginning deploy...
[info] i  hosting[hnpwa-fcf6b]: found 120 files in build
[debug] [2018-11-26T16:39:55.735Z] [hosting] hash cache [YnVpbGQ] stored for 120 files
[debug] [2018-11-26T16:39:55.736Z] [hosting][hash queue][FINAL]
[debug] [2018-11-26T16:39:55.736Z] >>> HTTP REQUEST POST https://firebasehosting.googleapis.com/v1beta1/sites/hnpwa-fcf6b/versions/ad7a829f71197b1b:populateFiles  
 <request body omitted>
