0 info it worked if it ends with ok
1 verbose cli [ '/usr/bin/node', '/usr/bin/npm', 'run', 'build:prpl-server' ]
2 info using npm@3.5.2
3 info using node@v8.10.0
4 verbose run-script [ 'prebuild:prpl-server',
4 verbose run-script   'build:prpl-server',
4 verbose run-script   'postbuild:prpl-server' ]
5 info lifecycle pwa-starter-kit@0.8.0~prebuild:prpl-server: pwa-starter-kit@0.8.0
6 silly lifecycle pwa-starter-kit@0.8.0~prebuild:prpl-server: no script for prebuild:prpl-server, continuing
7 info lifecycle pwa-starter-kit@0.8.0~build:prpl-server: pwa-starter-kit@0.8.0
8 verbose lifecycle pwa-starter-kit@0.8.0~build:prpl-server: unsafe-perm in lifecycle true
9 verbose lifecycle pwa-starter-kit@0.8.0~build:prpl-server: PATH: /usr/share/npm/bin/node-gyp-bin:/home/herat/Desktop/Structured-PWA-Starter-Kit/node_modules/.bin:/usr/local/sbin:/usr/local/bin:/usr/sbin:/usr/bin:/sbin:/bin:/usr/games:/usr/local/games:/snap/bin
10 verbose lifecycle pwa-starter-kit@0.8.0~build:prpl-server: CWD: /home/herat/Desktop/Structured-PWA-Starter-Kit
11 silly lifecycle pwa-starter-kit@0.8.0~build:prpl-server: Args: [ '-c', 'polymer build --auto-base-path && gulp prpl-server' ]
12 silly lifecycle pwa-starter-kit@0.8.0~build:prpl-server: Returned: code: 1  signal: null
13 info lifecycle pwa-starter-kit@0.8.0~build:prpl-server: Failed to exec build:prpl-server script
14 verbose stack Error: pwa-starter-kit@0.8.0 build:prpl-server: `polymer build --auto-base-path && gulp prpl-server`
14 verbose stack Exit status 1
14 verbose stack     at EventEmitter.<anonymous> (/usr/share/npm/lib/utils/lifecycle.js:232:16)
14 verbose stack     at emitTwo (events.js:126:13)
14 verbose stack     at EventEmitter.emit (events.js:214:7)
14 verbose stack     at ChildProcess.<anonymous> (/usr/share/npm/lib/utils/spawn.js:24:14)
14 verbose stack     at emitTwo (events.js:126:13)
14 verbose stack     at ChildProcess.emit (events.js:214:7)
14 verbose stack     at maybeClose (internal/child_process.js:925:16)
14 verbose stack     at Process.ChildProcess._handle.onexit (internal/child_process.js:209:5)
15 verbose pkgid pwa-starter-kit@0.8.0
16 verbose cwd /home/herat/Desktop/Structured-PWA-Starter-Kit
17 error Linux 4.15.0-33-generic
18 error argv "/usr/bin/node" "/usr/bin/npm" "run" "build:prpl-server"
19 error node v8.10.0
20 error npm  v3.5.2
21 error code ELIFECYCLE
22 error pwa-starter-kit@0.8.0 build:prpl-server: `polymer build --auto-base-path && gulp prpl-server`
22 error Exit status 1
23 error Failed at the pwa-starter-kit@0.8.0 build:prpl-server script 'polymer build --auto-base-path && gulp prpl-server'.
23 error Make sure you have the latest version of node.js and npm installed.
23 error If you do, this is most likely a problem with the pwa-starter-kit package,
23 error not with npm itself.
23 error Tell the author that this fails on your system:
23 error     polymer build --auto-base-path && gulp prpl-server
23 error You can get information on how to open an issue for this project with:
23 error     npm bugs pwa-starter-kit
23 error Or if that isn't available, you can get their info via:
23 error     npm owner ls pwa-starter-kit
23 error There is likely additional logging output above.
24 verbose exit [ 1, true ]
